<html>
<head>
<title>TestNG:  EdgeTest</title>
<link href="../testng.css" rel="stylesheet" type="text/css" />
<link href="../my-testng.css" rel="stylesheet" type="text/css" />

<style type="text/css">
.log { display: none;} 
.stack-trace { display: none;} 
</style>
<script type="text/javascript">
<!--
function flip(e) {
  current = e.style.display;
  if (current == 'block') {
    e.style.display = 'none';
    return 0;
  }
  else {
    e.style.display = 'block';
    return 1;
  }
}

function toggleBox(szDivId, elem, msg1, msg2)
{
  var res = -1;  if (document.getElementById) {
    res = flip(document.getElementById(szDivId));
  }
  else if (document.all) {
    // this is the way old msie versions work
    res = flip(document.all[szDivId]);
  }
  if(elem) {
    if(res == 0) elem.innerHTML = msg1; else elem.innerHTML = msg2;
  }

}

function toggleAllBoxes() {
  if (document.getElementsByTagName) {
    d = document.getElementsByTagName('div');
    for (i = 0; i < d.length; i++) {
      if (d[i].className == 'log') {
        flip(d[i]);
      }
    }
  }
}

// -->
</script>

</head>
<body>
<h2 align='center'>EdgeTest</h2><table border='1' align="center">
<tr>
<td>Tests passed/Failed/Skipped:</td><td>0/0/10</td>
</tr><tr>
<td>Started on:</td><td>Mon Aug 13 11:47:24 IDT 2018</td>
</tr>
<tr><td>Total time:</td><td>1 seconds (1022 ms)</td>
</tr><tr>
<td>Included groups:</td><td></td>
</tr><tr>
<td>Excluded groups:</td><td></td>
</tr>
</table><p/>
<small><i>(Hover the method name to see the test class name)</i></small><p/>
<table width='100%' border='1' class='invocation-failed'>
<tr><td colspan='4' align='center'><b>FAILED CONFIGURATIONS</b></td></tr>
<tr><td><b>Test method</b></td>
<td width="30%"><b>Exception</b></td>
<td width="10%"><b>Time (seconds)</b></td>
<td><b>Instance</b></td>
</tr>
<tr>
<td title='com.cloudents.AutomationTest.CloudentsAutoTests.setup()'><b>setup</b><br>Test class: com.cloudents.AutomationTest.CloudentsAutoTests<br>Parameters: Edge</td>
<td><div><pre>org.openqa.selenium.WebDriverException: Unable to parse remote response: Unknown error
	at org.openqa.selenium.remote.ProtocolHandshake.createSession(ProtocolHandshake.java:111)
	at org.openqa.selenium.remote.ProtocolHandshake.createSession(ProtocolHandshake.java:73)
	at org.openqa.selenium.remote.HttpCommandExecutor.execute(HttpCommandExecutor.java:136)
	at org.openqa.selenium.remote.service.DriverCommandExecutor.execute(DriverCommandExecutor.java:83)
	at org.openqa.selenium.remote.RemoteWebDriver.execute(RemoteWebDriver.java:548)
	at org.openqa.selenium.remote.RemoteWebDriver.startSession(RemoteWebDriver.java:212)
	at org.openqa.selenium.remote.RemoteWebDriver.&lt;init&gt;(RemoteWebDriver.java:130)
	at org.openqa.selenium.edge.EdgeDriver.&lt;init&gt;(EdgeDriver.java:141)
	at org.openqa.selenium.edge.EdgeDriver.&lt;init&gt;(EdgeDriver.java:96)
	at com.cloudents.AutomationTest.CloudentsAutoTests.setup(CloudentsAutoTests.java:72)
	at java.util.concurrent.FutureTask.run(FutureTask.java:266)
	at java.util.concurrent.ThreadPoolExecutor.runWorker(ThreadPoolExecutor.java:1149)
	at java.util.concurrent.ThreadPoolExecutor$Worker.run(ThreadPoolExecutor.java:624)
	at java.lang.Thread.run(Thread.java:748)
Caused by: org.openqa.selenium.json.JsonException: Unable to determine type from: U. Last 1 characters read: U
Build info: version: &apos;3.14.0&apos;, revision: &apos;aacccce0&apos;, time: &apos;2018-08-02T20:19:58.91Z&apos;
System info: host: &apos;EIDAN-DESKTOP&apos;, ip: &apos;192.168.2.62&apos;, os.name: &apos;Windows 10&apos;, os.arch: &apos;amd64&apos;, os.version: &apos;10.0&apos;, java.version: &apos;1.8.0_181&apos;
Driver info: driver.version: EdgeDriver
	at org.openqa.selenium.json.JsonInput.peek(JsonInput.java:121)
	at org.openqa.selenium.json.JsonTypeCoercer.lambda$null$6(JsonTypeCoercer.java:137)
	at org.openqa.selenium.json.JsonTypeCoercer.coerce(JsonTypeCoercer.java:123)
	at org.openqa.selenium.json.Json.toType(Json.java:60)
	at org.openqa.selenium.json.Json.toType(Json.java:50)
	at org.openqa.selenium.remote.ProtocolHandshake.createSession(ProtocolHandshake.java:108)
	... 29 more
... Removed 16 stack frames</pre></div><a href='#' onClick='toggleBox("stack-trace948863359", this, "Click to show all stack frames", "Click to hide stack frames")'>Click to show all stack frames</a>
<div class='stack-trace' id='stack-trace948863359'><pre>org.openqa.selenium.WebDriverException: Unable to parse remote response: Unknown error
	at org.openqa.selenium.remote.ProtocolHandshake.createSession(ProtocolHandshake.java:111)
	at org.openqa.selenium.remote.ProtocolHandshake.createSession(ProtocolHandshake.java:73)
	at org.openqa.selenium.remote.HttpCommandExecutor.execute(HttpCommandExecutor.java:136)
	at org.openqa.selenium.remote.service.DriverCommandExecutor.execute(DriverCommandExecutor.java:83)
	at org.openqa.selenium.remote.RemoteWebDriver.execute(RemoteWebDriver.java:548)
	at org.openqa.selenium.remote.RemoteWebDriver.startSession(RemoteWebDriver.java:212)
	at org.openqa.selenium.remote.RemoteWebDriver.&lt;init&gt;(RemoteWebDriver.java:130)
	at org.openqa.selenium.edge.EdgeDriver.&lt;init&gt;(EdgeDriver.java:141)
	at org.openqa.selenium.edge.EdgeDriver.&lt;init&gt;(EdgeDriver.java:96)
	at com.cloudents.AutomationTest.CloudentsAutoTests.setup(CloudentsAutoTests.java:72)
	at sun.reflect.NativeMethodAccessorImpl.invoke0(Native Method)
	at sun.reflect.NativeMethodAccessorImpl.invoke(NativeMethodAccessorImpl.java:62)
	at sun.reflect.DelegatingMethodAccessorImpl.invoke(DelegatingMethodAccessorImpl.java:43)
	at java.lang.reflect.Method.invoke(Method.java:498)
	at org.testng.internal.MethodInvocationHelper.invokeMethod(MethodInvocationHelper.java:84)
	at org.testng.internal.Invoker.invokeConfigurationMethod(Invoker.java:564)
	at org.testng.internal.Invoker.invokeConfigurations(Invoker.java:213)
	at org.testng.internal.Invoker.invokeConfigurations(Invoker.java:138)
	at org.testng.internal.TestMethodWorker.invokeBeforeClassMethods(TestMethodWorker.java:175)
	at org.testng.internal.TestMethodWorker.run(TestMethodWorker.java:107)
	at org.testng.TestRunner.privateRun(TestRunner.java:767)
	at org.testng.TestRunner.run(TestRunner.java:617)
	at org.testng.SuiteRunner.runTest(SuiteRunner.java:334)
	at org.testng.SuiteRunner.access$000(SuiteRunner.java:37)
	at org.testng.SuiteRunner$SuiteWorker.run(SuiteRunner.java:368)
	at org.testng.internal.thread.ThreadUtil$2.call(ThreadUtil.java:64)
	at java.util.concurrent.FutureTask.run(FutureTask.java:266)
	at java.util.concurrent.ThreadPoolExecutor.runWorker(ThreadPoolExecutor.java:1149)
	at java.util.concurrent.ThreadPoolExecutor$Worker.run(ThreadPoolExecutor.java:624)
	at java.lang.Thread.run(Thread.java:748)
Caused by: org.openqa.selenium.json.JsonException: Unable to determine type from: U. Last 1 characters read: U
Build info: version: &apos;3.14.0&apos;, revision: &apos;aacccce0&apos;, time: &apos;2018-08-02T20:19:58.91Z&apos;
System info: host: &apos;EIDAN-DESKTOP&apos;, ip: &apos;192.168.2.62&apos;, os.name: &apos;Windows 10&apos;, os.arch: &apos;amd64&apos;, os.version: &apos;10.0&apos;, java.version: &apos;1.8.0_181&apos;
Driver info: driver.version: EdgeDriver
	at org.openqa.selenium.json.JsonInput.peek(JsonInput.java:121)
	at org.openqa.selenium.json.JsonTypeCoercer.lambda$null$6(JsonTypeCoercer.java:137)
	at org.openqa.selenium.json.JsonTypeCoercer.coerce(JsonTypeCoercer.java:123)
	at org.openqa.selenium.json.Json.toType(Json.java:60)
	at org.openqa.selenium.json.Json.toType(Json.java:50)
	at org.openqa.selenium.remote.ProtocolHandshake.createSession(ProtocolHandshake.java:108)
	... 29 more
</pre></div></td>
<td>0</td>
<td>com.cloudents.AutomationTest.CloudentsAutoTests@3d24753a</td></tr>
</table><p>
<table width='100%' border='1' class='invocation-skipped'>
<tr><td colspan='4' align='center'><b>SKIPPED CONFIGURATIONS</b></td></tr>
<tr><td><b>Test method</b></td>
<td width="30%"><b>Exception</b></td>
<td width="10%"><b>Time (seconds)</b></td>
<td><b>Instance</b></td>
</tr>
<tr>
<td title='com.cloudents.AutomationTest.CloudentsAutoTests.cleanupTestSeries()'><b>cleanupTestSeries</b><br>Test class: com.cloudents.AutomationTest.CloudentsAutoTests</td>
<td></td>
<td>0</td>
<td>com.cloudents.AutomationTest.CloudentsAutoTests@3d24753a</td></tr>
</table><p>
<table width='100%' border='1' class='invocation-skipped'>
<tr><td colspan='4' align='center'><b>SKIPPED TESTS</b></td></tr>
<tr><td><b>Test method</b></td>
<td width="30%"><b>Exception</b></td>
<td width="10%"><b>Time (seconds)</b></td>
<td><b>Instance</b></td>
</tr>
<tr>
<td title='com.cloudents.AutomationTest.CloudentsAutoTests.AboutPageContent()'><b>AboutPageContent</b><br>Test class: com.cloudents.AutomationTest.CloudentsAutoTests</td>
<td></td>
<td>0</td>
<td>com.cloudents.AutomationTest.CloudentsAutoTests@3d24753a</td></tr>
<tr>
<td title='com.cloudents.AutomationTest.CloudentsAutoTests.DefaultHomePage()'><b>DefaultHomePage</b><br>Test class: com.cloudents.AutomationTest.CloudentsAutoTests</td>
<td></td>
<td>0</td>
<td>com.cloudents.AutomationTest.CloudentsAutoTests@3d24753a</td></tr>
<tr>
<td title='com.cloudents.AutomationTest.CloudentsAutoTests.FAQPageContent()'><b>FAQPageContent</b><br>Test class: com.cloudents.AutomationTest.CloudentsAutoTests</td>
<td></td>
<td>0</td>
<td>com.cloudents.AutomationTest.CloudentsAutoTests@3d24753a</td></tr>
<tr>
<td title='com.cloudents.AutomationTest.CloudentsAutoTests.MainTabsNavigation()'><b>MainTabsNavigation</b><br>Test class: com.cloudents.AutomationTest.CloudentsAutoTests</td>
<td></td>
<td>0</td>
<td>com.cloudents.AutomationTest.CloudentsAutoTests@3d24753a</td></tr>
<tr>
<td title='com.cloudents.AutomationTest.CloudentsAutoTests.PartnersPageContent()'><b>PartnersPageContent</b><br>Test class: com.cloudents.AutomationTest.CloudentsAutoTests</td>
<td></td>
<td>0</td>
<td>com.cloudents.AutomationTest.CloudentsAutoTests@3d24753a</td></tr>
<tr>
<td title='com.cloudents.AutomationTest.CloudentsAutoTests.PrivacyPageContent()'><b>PrivacyPageContent</b><br>Test class: com.cloudents.AutomationTest.CloudentsAutoTests</td>
<td></td>
<td>0</td>
<td>com.cloudents.AutomationTest.CloudentsAutoTests@3d24753a</td></tr>
<tr>
<td title='com.cloudents.AutomationTest.CloudentsAutoTests.RepsPageContent()'><b>RepsPageContent</b><br>Test class: com.cloudents.AutomationTest.CloudentsAutoTests</td>
<td></td>
<td>0</td>
<td>com.cloudents.AutomationTest.CloudentsAutoTests@3d24753a</td></tr>
<tr>
<td title='com.cloudents.AutomationTest.CloudentsAutoTests.TermsPageContent()'><b>TermsPageContent</b><br>Test class: com.cloudents.AutomationTest.CloudentsAutoTests</td>
<td></td>
<td>0</td>
<td>com.cloudents.AutomationTest.CloudentsAutoTests@3d24753a</td></tr>
<tr>
<td title='com.cloudents.AutomationTest.CloudentsAutoTests.loginNavigation()'><b>loginNavigation</b><br>Test class: com.cloudents.AutomationTest.CloudentsAutoTests</td>
<td></td>
<td>0</td>
<td>com.cloudents.AutomationTest.CloudentsAutoTests@3d24753a</td></tr>
<tr>
<td title='com.cloudents.AutomationTest.CloudentsAutoTests.signUpNavigation()'><b>signUpNavigation</b><br>Test class: com.cloudents.AutomationTest.CloudentsAutoTests</td>
<td></td>
<td>0</td>
<td>com.cloudents.AutomationTest.CloudentsAutoTests@3d24753a</td></tr>
</table><p>
</body>
</html>