<?xml version="1.0" encoding="UTF-8"?>
<!-- Generated by org.testng.reporters.JUnitXMLReporter -->
<testsuite hostname="Eidan-Desktop" name="EdgeTest" tests="11" failures="0" timestamp="12 Aug 2018 12:48:52 GMT" time="1.031" errors="0">
  <testcase name="@BeforeClass setup" time="0.0" classname="com.cloudents.AutomationTest.CloudentsAutoTests">
    <failure type="org.openqa.selenium.WebDriverException" message="Unable to parse remote response: Unknown error">
      <![CDATA[org.openqa.selenium.WebDriverException: Unable to parse remote response: Unknown error
	at org.openqa.selenium.remote.ProtocolHandshake.createSession(ProtocolHandshake.java:111)
	at org.openqa.selenium.remote.ProtocolHandshake.createSession(ProtocolHandshake.java:73)
	at org.openqa.selenium.remote.HttpCommandExecutor.execute(HttpCommandExecutor.java:136)
	at org.openqa.selenium.remote.service.DriverCommandExecutor.execute(DriverCommandExecutor.java:83)
	at org.openqa.selenium.remote.RemoteWebDriver.execute(RemoteWebDriver.java:548)
	at org.openqa.selenium.remote.RemoteWebDriver.startSession(RemoteWebDriver.java:212)
	at org.openqa.selenium.remote.RemoteWebDriver.<init>(RemoteWebDriver.java:130)
	at org.openqa.selenium.edge.EdgeDriver.<init>(EdgeDriver.java:141)
	at org.openqa.selenium.edge.EdgeDriver.<init>(EdgeDriver.java:96)
	at com.cloudents.AutomationTest.CloudentsAutoTests.setup(CloudentsAutoTests.java:65)
	at java.util.concurrent.FutureTask.run(FutureTask.java:266)
	at java.util.concurrent.ThreadPoolExecutor.runWorker(ThreadPoolExecutor.java:1149)
	at java.util.concurrent.ThreadPoolExecutor$Worker.run(ThreadPoolExecutor.java:624)
	at java.lang.Thread.run(Thread.java:748)
Caused by: org.openqa.selenium.json.JsonException: Unable to determine type from: U. Last 1 characters read: U
Build info: version: '3.14.0', revision: 'aacccce0', time: '2018-08-02T20:19:58.91Z'
System info: host: 'EIDAN-DESKTOP', ip: '192.168.2.62', os.name: 'Windows 10', os.arch: 'amd64', os.version: '10.0', java.version: '1.8.0_181'
Driver info: driver.version: EdgeDriver
	at org.openqa.selenium.json.JsonInput.peek(JsonInput.java:121)
	at org.openqa.selenium.json.JsonTypeCoercer.lambda$null$6(JsonTypeCoercer.java:137)
	at org.openqa.selenium.json.JsonTypeCoercer.coerce(JsonTypeCoercer.java:123)
	at org.openqa.selenium.json.Json.toType(Json.java:60)
	at org.openqa.selenium.json.Json.toType(Json.java:50)
	at org.openqa.selenium.remote.ProtocolHandshake.createSession(ProtocolHandshake.java:108)
	... 29 more
... Removed 16 stack frames]]>
    </failure>
  </testcase> <!-- @BeforeClass setup -->
  <testcase name="@AfterClass cleanupTestSeries" time="0.0" classname="com.cloudents.AutomationTest.CloudentsAutoTests">
    <skipped/>
  </testcase> <!-- @AfterClass cleanupTestSeries -->
  <testcase name="AboutPageContent" time="0.0" classname="com.cloudents.AutomationTest.CloudentsAutoTests">
    <skipped/>
  </testcase> <!-- AboutPageContent -->
  <testcase name="DefaultHomePage" time="0.0" classname="com.cloudents.AutomationTest.CloudentsAutoTests">
    <skipped/>
  </testcase> <!-- DefaultHomePage -->
  <testcase name="FAQNavigateLinks" time="0.0" classname="com.cloudents.AutomationTest.CloudentsAutoTests">
    <skipped/>
  </testcase> <!-- FAQNavigateLinks -->
  <testcase name="FAQPageContent" time="0.001" classname="com.cloudents.AutomationTest.CloudentsAutoTests">
    <skipped/>
  </testcase> <!-- FAQPageContent -->
  <testcase name="MainTabsNavigation" time="0.0" classname="com.cloudents.AutomationTest.CloudentsAutoTests">
    <skipped/>
  </testcase> <!-- MainTabsNavigation -->
  <testcase name="PartnersPageContent" time="0.0" classname="com.cloudents.AutomationTest.CloudentsAutoTests">
    <skipped/>
  </testcase> <!-- PartnersPageContent -->
  <testcase name="PrivacyPageContent" time="0.0" classname="com.cloudents.AutomationTest.CloudentsAutoTests">
    <skipped/>
  </testcase> <!-- PrivacyPageContent -->
  <testcase name="RepsPageContent" time="0.001" classname="com.cloudents.AutomationTest.CloudentsAutoTests">
    <skipped/>
  </testcase> <!-- RepsPageContent -->
  <testcase name="TermsPageContent" time="0.0" classname="com.cloudents.AutomationTest.CloudentsAutoTests">
    <skipped/>
  </testcase> <!-- TermsPageContent -->
  <testcase name="loginNavigation" time="0.0" classname="com.cloudents.AutomationTest.CloudentsAutoTests">
    <skipped/>
  </testcase> <!-- loginNavigation -->
  <testcase name="signUpNavigation" time="0.0" classname="com.cloudents.AutomationTest.CloudentsAutoTests">
    <skipped/>
  </testcase> <!-- signUpNavigation -->
</testsuite> <!-- EdgeTest -->
