<?xml version="1.0" encoding="UTF-8"?>
<!-- Generated by org.testng.reporters.JUnitXMLReporter -->
<testsuite hostname="Eidan-Desktop" name="SafariTest" tests="10" failures="0" timestamp="13 Aug 2018 08:47:26 GMT" time="0.005" errors="0">
  <testcase name="@BeforeClass setup" time="0.0" classname="com.cloudents.AutomationTest.CloudentsAutoTests">
    <failure type="org.openqa.selenium.WebDriverException" message="SafariDriver requires Safari 10 running on OSX El Capitan or greater.
Build info: version: &amp;apos;3.14.0&amp;apos;, revision: &amp;apos;aacccce0&amp;apos;, time: &amp;apos;2018-08-02T20:19:58.91Z&amp;apos;
System info: host: &amp;apos;EIDAN-DESKTOP&amp;apos;, ip: &amp;apos;192.168.2.62&amp;apos;, os.name: &amp;apos;Windows 10&amp;apos;, os.arch: &amp;apos;amd64&amp;apos;, os.version: &amp;apos;10.0&amp;apos;, java.version: &amp;apos;1.8.0_181&amp;apos;
Driver info: driver.version: SafariDriver">
      <![CDATA[org.openqa.selenium.WebDriverException: SafariDriver requires Safari 10 running on OSX El Capitan or greater.
Build info: version: '3.14.0', revision: 'aacccce0', time: '2018-08-02T20:19:58.91Z'
System info: host: 'EIDAN-DESKTOP', ip: '192.168.2.62', os.name: 'Windows 10', os.arch: 'amd64', os.version: '10.0', java.version: '1.8.0_181'
Driver info: driver.version: SafariDriver
	at org.openqa.selenium.safari.SafariDriverService.createDefaultService(SafariDriverService.java:59)
	at org.openqa.selenium.safari.SafariDriver.<init>(SafariDriver.java:60)
	at org.openqa.selenium.safari.SafariDriver.<init>(SafariDriver.java:38)
	at com.cloudents.AutomationTest.CloudentsAutoTests.setup(CloudentsAutoTests.java:75)
	at java.util.concurrent.FutureTask.run(FutureTask.java:266)
	at java.util.concurrent.ThreadPoolExecutor.runWorker(ThreadPoolExecutor.java:1149)
	at java.util.concurrent.ThreadPoolExecutor$Worker.run(ThreadPoolExecutor.java:624)
	at java.lang.Thread.run(Thread.java:748)
... Removed 16 stack frames]]>
    </failure>
  </testcase> <!-- @BeforeClass setup -->
  <testcase name="@AfterClass cleanupTestSeries" time="0.0" classname="com.cloudents.AutomationTest.CloudentsAutoTests">
    <skipped/>
  </testcase> <!-- @AfterClass cleanupTestSeries -->
  <testcase name="AboutPageContent" time="0.0" classname="com.cloudents.AutomationTest.CloudentsAutoTests">
    <skipped/>
  </testcase> <!-- AboutPageContent -->
  <testcase name="DefaultHomePage" time="0.0" classname="com.cloudents.AutomationTest.CloudentsAutoTests">
    <skipped/>
  </testcase> <!-- DefaultHomePage -->
  <testcase name="FAQPageContent" time="0.0" classname="com.cloudents.AutomationTest.CloudentsAutoTests">
    <skipped/>
  </testcase> <!-- FAQPageContent -->
  <testcase name="MainTabsNavigation" time="0.0" classname="com.cloudents.AutomationTest.CloudentsAutoTests">
    <skipped/>
  </testcase> <!-- MainTabsNavigation -->
  <testcase name="PartnersPageContent" time="0.0" classname="com.cloudents.AutomationTest.CloudentsAutoTests">
    <skipped/>
  </testcase> <!-- PartnersPageContent -->
  <testcase name="PrivacyPageContent" time="0.0" classname="com.cloudents.AutomationTest.CloudentsAutoTests">
    <skipped/>
  </testcase> <!-- PrivacyPageContent -->
  <testcase name="RepsPageContent" time="0.0" classname="com.cloudents.AutomationTest.CloudentsAutoTests">
    <skipped/>
  </testcase> <!-- RepsPageContent -->
  <testcase name="TermsPageContent" time="0.0" classname="com.cloudents.AutomationTest.CloudentsAutoTests">
    <skipped/>
  </testcase> <!-- TermsPageContent -->
  <testcase name="loginNavigation" time="0.0" classname="com.cloudents.AutomationTest.CloudentsAutoTests">
    <skipped/>
  </testcase> <!-- loginNavigation -->
  <testcase name="signUpNavigation" time="0.0" classname="com.cloudents.AutomationTest.CloudentsAutoTests">
    <skipped/>
  </testcase> <!-- signUpNavigation -->
</testsuite> <!-- SafariTest -->
