-------------------------------------------------------------------------------
Test set: TestSuite
-------------------------------------------------------------------------------
Tests run: 103, Failures: 10, Errors: 0, Skipped: 80, Time elapsed: 304.462 s <<< FAILURE! - in TestSuite
about(com.cloudents.AutomationTest.CloudentsAutoTests)  Time elapsed: 49.259 s  <<< FAILURE!
java.lang.AssertionError: expected [https://dev.spitball.co/contact] but found [https://dev.spitball.co/about]
	at com.cloudents.AutomationTest.CloudentsAutoTests.contact(CloudentsAutoTests.java:464)
	at com.cloudents.AutomationTest.CloudentsAutoTests.about(CloudentsAutoTests.java:383)

global(com.cloudents.AutomationTest.CloudentsAutoTests)  Time elapsed: 11.679 s  <<< FAILURE!
java.lang.IndexOutOfBoundsException: Index: 0, Size: 0
	at com.cloudents.AutomationTest.CloudentsAutoTests.homePage(CloudentsAutoTests.java:95)
	at com.cloudents.AutomationTest.CloudentsAutoTests.global(CloudentsAutoTests.java:62)

homePage(com.cloudents.AutomationTest.CloudentsAutoTests)  Time elapsed: 11.608 s  <<< FAILURE!
java.lang.IndexOutOfBoundsException: Index: 0, Size: 0
	at com.cloudents.AutomationTest.CloudentsAutoTests.homePage(CloudentsAutoTests.java:95)

homeworkHelp(com.cloudents.AutomationTest.CloudentsAutoTests)  Time elapsed: 13.018 s  <<< FAILURE!
org.openqa.selenium.NoSuchElementException: 
no such element: Unable to locate element: {"method":"class name","selector":"ask-question"}
  (Session info: chrome=68.0.3440.106)
  (Driver info: chromedriver=2.41.578737 (49da6702b16031c40d63e5618de03a32ff6c197e),platform=Windows NT 10.0.17134 x86_64) (WARNING: The server did not provide any stacktrace information)
Command duration or timeout: 0 milliseconds
For documentation on this error, please visit: http://seleniumhq.org/exceptions/no_such_element.html
Build info: version: '3.14.0', revision: 'aacccce0', time: '2018-08-02T20:19:58.91Z'
System info: host: 'EIDAN-DESKTOP', ip: '192.168.2.62', os.name: 'Windows 10', os.arch: 'amd64', os.version: '10.0', java.version: '1.8.0_181'
Driver info: org.openqa.selenium.chrome.ChromeDriver
Capabilities {acceptInsecureCerts: false, acceptSslCerts: false, applicationCacheEnabled: false, browserConnectionEnabled: false, browserName: chrome, chrome: {chromedriverVersion: 2.41.578737 (49da6702b16031..., userDataDir: C:\WINDOWS\TEMP\scoped_dir1...}, cssSelectorsEnabled: true, databaseEnabled: false, goog:chromeOptions: {debuggerAddress: localhost:54430}, handlesAlerts: true, hasTouchScreen: false, javascriptEnabled: true, locationContextEnabled: true, mobileEmulationEnabled: false, nativeEvents: true, networkConnectionEnabled: false, pageLoadStrategy: normal, platform: XP, platformName: XP, rotatable: false, setWindowRect: true, takesHeapSnapshot: true, takesScreenshot: true, unexpectedAlertBehaviour: , unhandledPromptBehavior: , version: 68.0.3440.106, webStorageEnabled: true}
Session ID: 6c07cf4392d4343014de57c5671540fd
*** Element info: {Using=class name, value=ask-question}
	at com.cloudents.AutomationTest.CloudentsAutoTests.homeworkHelp(CloudentsAutoTests.java:238)

jobs(com.cloudents.AutomationTest.CloudentsAutoTests)  Time elapsed: 22.737 s  <<< FAILURE!
java.lang.IndexOutOfBoundsException: Index: 1, Size: 0
	at com.cloudents.AutomationTest.CloudentsAutoTests.jobs(CloudentsAutoTests.java:346)

token(com.cloudents.AutomationTest.CloudentsAutoTests)  Time elapsed: 24.178 s  <<< FAILURE!
org.openqa.selenium.ElementNotVisibleException: 
element not visible
  (Session info: chrome=68.0.3440.106)
  (Driver info: chromedriver=2.41.578737 (49da6702b16031c40d63e5618de03a32ff6c197e),platform=Windows NT 10.0.17134 x86_64) (WARNING: The server did not provide any stacktrace information)
Command duration or timeout: 0 milliseconds
Build info: version: '3.14.0', revision: 'aacccce0', time: '2018-08-02T20:19:58.91Z'
System info: host: 'EIDAN-DESKTOP', ip: '192.168.2.62', os.name: 'Windows 10', os.arch: 'amd64', os.version: '10.0', java.version: '1.8.0_181'
Driver info: org.openqa.selenium.chrome.ChromeDriver
Capabilities {acceptInsecureCerts: false, acceptSslCerts: false, applicationCacheEnabled: false, browserConnectionEnabled: false, browserName: chrome, chrome: {chromedriverVersion: 2.41.578737 (49da6702b16031..., userDataDir: C:\WINDOWS\TEMP\scoped_dir1...}, cssSelectorsEnabled: true, databaseEnabled: false, goog:chromeOptions: {debuggerAddress: localhost:54430}, handlesAlerts: true, hasTouchScreen: false, javascriptEnabled: true, locationContextEnabled: true, mobileEmulationEnabled: false, nativeEvents: true, networkConnectionEnabled: false, pageLoadStrategy: normal, platform: XP, platformName: XP, rotatable: false, setWindowRect: true, takesHeapSnapshot: true, takesScreenshot: true, unexpectedAlertBehaviour: , unhandledPromptBehavior: , version: 68.0.3440.106, webStorageEnabled: true}
Session ID: 6c07cf4392d4343014de57c5671540fd
	at com.cloudents.AutomationTest.CloudentsAutoTests.token(CloudentsAutoTests.java:549)

setup(com.cloudents.AutomationTest.CloudentsAutoTests)  Time elapsed: 6.543 s  <<< FAILURE!
org.openqa.selenium.WebDriverException: 
Unexpected value for profile: null
Build info: version: '3.14.0', revision: 'aacccce0', time: '2018-08-02T20:19:58.91Z'
System info: host: 'EIDAN-DESKTOP', ip: '192.168.2.62', os.name: 'Windows 10', os.arch: 'amd64', os.version: '10.0', java.version: '1.8.0_181'
Driver info: driver.version: unknown
	at com.cloudents.AutomationTest.CloudentsAutoTests.setup(CloudentsAutoTests.java:29)

setup(com.cloudents.AutomationTest.CloudentsAutoTests)  Time elapsed: 0.596 s  <<< FAILURE!
org.openqa.selenium.WebDriverException: Unable to parse remote response: Unknown error
	at com.cloudents.AutomationTest.CloudentsAutoTests.setup(CloudentsAutoTests.java:39)
Caused by: org.openqa.selenium.json.JsonException: 
Unable to determine type from: U. Last 1 characters read: U
Build info: version: '3.14.0', revision: 'aacccce0', time: '2018-08-02T20:19:58.91Z'
System info: host: 'EIDAN-DESKTOP', ip: '192.168.2.62', os.name: 'Windows 10', os.arch: 'amd64', os.version: '10.0', java.version: '1.8.0_181'
Driver info: driver.version: EdgeDriver
	at com.cloudents.AutomationTest.CloudentsAutoTests.setup(CloudentsAutoTests.java:39)

setup(com.cloudents.AutomationTest.CloudentsAutoTests)  Time elapsed: 0.017 s  <<< FAILURE!
org.openqa.selenium.NoSuchSessionException: 
Session ID is null. Using WebDriver after calling quit()?
Build info: version: '3.14.0', revision: 'aacccce0', time: '2018-08-02T20:19:58.91Z'
System info: host: 'EIDAN-DESKTOP', ip: '192.168.2.62', os.name: 'Windows 10', os.arch: 'amd64', os.version: '10.0', java.version: '1.8.0_181'
Driver info: driver.version: RemoteWebDriver
	at com.cloudents.AutomationTest.CloudentsAutoTests.setup(CloudentsAutoTests.java:50)

setup(com.cloudents.AutomationTest.CloudentsAutoTests)  Time elapsed: 0.032 s  <<< FAILURE!
org.openqa.selenium.NoSuchSessionException: 
Session ID is null. Using WebDriver after calling quit()?
Build info: version: '3.14.0', revision: 'aacccce0', time: '2018-08-02T20:19:58.91Z'
System info: host: 'EIDAN-DESKTOP', ip: '192.168.2.62', os.name: 'Windows 10', os.arch: 'amd64', os.version: '10.0', java.version: '1.8.0_181'
Driver info: driver.version: RemoteWebDriver
	at com.cloudents.AutomationTest.CloudentsAutoTests.setup(CloudentsAutoTests.java:50)

